c:\dev\gfx\graphics_exam\graphics_exam\x64\debug\vc141.pdb
c:\dev\gfx\graphics_exam\graphics_exam\x64\debug\vc141.idb
c:\dev\gfx\graphics_exam\graphics_exam\x64\debug\glad.obj
c:\dev\gfx\graphics_exam\graphics_exam\x64\debug\stb_image_loader.obj
c:\dev\gfx\graphics_exam\graphics_exam\x64\debug\main.obj
c:\dev\gfx\graphics_exam\graphics_exam\x64\debug\shader.obj
c:\dev\gfx\graphics_exam\graphics_exam\x64\debug\camera.obj
c:\dev\gfx\graphics_exam\graphics_exam\x64\debug\mesh.obj
c:\dev\gfx\graphics_exam\graphics_exam\x64\debug\model.obj
c:\dev\gfx\graphics_exam\graphics_exam\x64\debug\texture.obj
c:\dev\gfx\graphics_exam\graphics_exam\x64\debug\gameobject.obj
c:\dev\gfx\graphics_exam\graphics_exam\x64\debug\component.obj
c:\dev\gfx\graphics_exam\graphics_exam\x64\debug\game.obj
c:\dev\gfx\graphics_exam\graphics_exam\x64\debug\cube.obj
c:\dev\gfx\graphics_exam\graphics_exam\x64\debug\inputhandler.obj
c:\dev\gfx\graphics_exam\graphics_exam\x64\debug\heightmap.obj
c:\dev\gfx\graphics_exam\graphics_exam\x64\debug\imgui_widgets.obj
c:\dev\gfx\graphics_exam\graphics_exam\x64\debug\imgui_draw.obj
c:\dev\gfx\graphics_exam\graphics_exam\x64\debug\imgui_demo.obj
c:\dev\gfx\graphics_exam\graphics_exam\x64\debug\imgui.obj
c:\dev\gfx\graphics_exam\x64\debug\graphics_exam.exe
c:\dev\gfx\graphics_exam\x64\debug\graphics_exam.ilk
c:\dev\gfx\graphics_exam\x64\debug\graphics_exam.pdb
c:\dev\gfx\graphics_exam\graphics_exam\x64\debug\graphics_exam.tlog\cl.command.1.tlog
c:\dev\gfx\graphics_exam\graphics_exam\x64\debug\graphics_exam.tlog\cl.read.1.tlog
c:\dev\gfx\graphics_exam\graphics_exam\x64\debug\graphics_exam.tlog\cl.write.1.tlog
c:\dev\gfx\graphics_exam\graphics_exam\x64\debug\graphics_exam.tlog\link.command.1.tlog
c:\dev\gfx\graphics_exam\graphics_exam\x64\debug\graphics_exam.tlog\link.read.1.tlog
c:\dev\gfx\graphics_exam\graphics_exam\x64\debug\graphics_exam.tlog\link.write.1.tlog
